Running: C:\Xilinx\14.7\ISE_DS\ISE\bin\nt64\unwrapped\fuse.exe -intstyle ise -incremental -lib unisims_ver -lib unimacro_ver -lib xilinxcorelib_ver -lib secureip -o C:/Users/AAA/Documents/GitHub/NCUE_ISE/project2/project2/p1_p1_sch_tb_isim_beh.exe -prj C:/Users/AAA/Documents/GitHub/NCUE_ISE/project2/project2/p1_p1_sch_tb_beh.prj work.p1_p1_sch_tb work.glbl 
ISim P.20131013 (signature 0x7708f090)
Number of CPUs detected in this system: 12
Turning on mult-threading, number of parallel sub-compilation jobs: 24 
Determining compilation order of HDL files
Analyzing Verilog file "C:/Users/AAA/Documents/GitHub/NCUE_ISE/project2/project2/p1.vf" into library work
Analyzing Verilog file "C:/Users/AAA/Documents/GitHub/NCUE_ISE/project2/project2/p1t3.v" into library work
Analyzing Verilog file "C:/Xilinx/14.7/ISE_DS/ISE//verilog/src/glbl.v" into library work
Starting static elaboration
Completed static elaboration
Compiling module FD
Compiling module INV
Compiling module OR3
Compiling module AND3
Compiling module AND2
Compiling module OR2
Compiling module p1
Compiling module p1_p1_sch_tb
Compiling module glbl
Time Resolution for simulation is 1ps.
Compiled 9 Verilog Units
Built simulation executable C:/Users/AAA/Documents/GitHub/NCUE_ISE/project2/project2/p1_p1_sch_tb_isim_beh.exe
Fuse Memory Usage: 28520 KB
Fuse CPU Usage: 405 ms
