--------------------------------------------------------------------------------
Release 14.7 Trace  (nt64)
Copyright (c) 1995-2013 Xilinx, Inc.  All rights reserved.

C:\Xilinx\14.7\ISE_DS\ISE\bin\nt64\unwrapped\trce.exe -intstyle ise -v 3 -s 3
-n 3 -fastpaths -xml addr4bit.twx addr4bit.ncd -o addr4bit.twr addr4bit.pcf

Design file:              addr4bit.ncd
Physical constraint file: addr4bit.pcf
Device,package,speed:     xc7a100t,csg324,C,-3 (PRODUCTION 1.10 2013-10-13)
Report level:             verbose report

Environment Variable      Effect 
--------------------      ------ 
NONE                      No environment variables were set
--------------------------------------------------------------------------------

INFO:Timing:2698 - No timing constraints found, doing default enumeration.
INFO:Timing:3412 - To improve timing, see the Timing Closure User Guide (UG612).
INFO:Timing:2752 - To get complete path coverage, use the unconstrained paths 
   option. All paths that are not constrained will be reported in the 
   unconstrained paths section(s) of the report.
INFO:Timing:3339 - The clock-to-out numbers in this timing report are based on 
   a 50 Ohm transmission line loading model.  For the details of this model, 
   and for more information on accounting for different loading conditions, 
   please see the device datasheet.



Data Sheet report:
-----------------
All values displayed in nanoseconds (ns)

Pad to Pad
---------------+---------------+---------+
Source Pad     |Destination Pad|  Delay  |
---------------+---------------+---------+
A<0>           |S<0>           |    9.359|
A<0>           |S<1>           |    9.861|
A<0>           |S<2>           |   10.375|
A<0>           |S<3>           |   10.595|
A<0>           |S<4>           |   10.263|
A<0>           |Sign           |    8.170|
A<1>           |S<0>           |    8.556|
A<1>           |S<1>           |    9.058|
A<1>           |S<2>           |    9.572|
A<1>           |S<3>           |    9.792|
A<1>           |S<4>           |    9.460|
A<1>           |Sign           |    7.367|
A<2>           |S<0>           |    8.304|
A<2>           |S<1>           |    8.806|
A<2>           |S<2>           |    9.320|
A<2>           |S<3>           |    9.540|
A<2>           |S<4>           |    9.208|
A<2>           |Sign           |    7.115|
A<3>           |S<0>           |    7.615|
A<3>           |S<1>           |    8.117|
A<3>           |S<2>           |    8.631|
A<3>           |S<3>           |    8.851|
A<3>           |S<4>           |    8.519|
A<3>           |Sign           |    6.426|
B<0>           |S<0>           |   10.059|
B<0>           |S<1>           |   10.561|
B<0>           |S<2>           |   11.075|
B<0>           |S<3>           |   11.295|
B<0>           |S<4>           |   10.963|
B<0>           |Sign           |    8.870|
B<1>           |S<0>           |    9.282|
B<1>           |S<1>           |    9.784|
B<1>           |S<2>           |   10.298|
B<1>           |S<3>           |   10.518|
B<1>           |S<4>           |   10.186|
B<1>           |Sign           |    8.093|
B<2>           |S<0>           |    8.732|
B<2>           |S<1>           |    9.234|
B<2>           |S<2>           |    9.748|
B<2>           |S<3>           |    9.968|
B<2>           |S<4>           |    9.636|
B<2>           |Sign           |    7.543|
B<3>           |S<0>           |    8.070|
B<3>           |S<1>           |    8.572|
B<3>           |S<2>           |    9.086|
B<3>           |S<3>           |    9.306|
B<3>           |S<4>           |    8.974|
B<3>           |Sign           |    6.881|
M              |S<0>           |   10.079|
M              |S<1>           |   10.581|
M              |S<2>           |   11.095|
M              |S<3>           |   11.315|
M              |S<4>           |   10.983|
M              |Sign           |    8.890|
---------------+---------------+---------+


Analysis completed Fri Mar 26 02:12:30 2021 
--------------------------------------------------------------------------------

Trace Settings:
-------------------------
Trace Settings 

Peak Memory Usage: 5004 MB



