Release 14.7 - xst P.20131013 (nt64)
Copyright (c) 1995-2013 Xilinx, Inc.  All rights reserved.
--> Parameter TMPDIR set to xst/projnav.tmp


Total REAL time to Xst completion: 0.00 secs
Total CPU time to Xst completion: 0.10 secs
 
--> Parameter xsthdpdir set to xst


Total REAL time to Xst completion: 0.00 secs
Total CPU time to Xst completion: 0.10 secs
 
--> Reading design: addr4bit.prj

TABLE OF CONTENTS
  1) Synthesis Options Summary
  2) HDL Parsing
  3) HDL Elaboration
  4) HDL Synthesis
       4.1) HDL Synthesis Report
  5) Advanced HDL Synthesis
       5.1) Advanced HDL Synthesis Report
  6) Low Level Synthesis
  7) Partition Report
  8) Design Summary
       8.1) Primitive and Black Box Usage
       8.2) Device utilization summary
       8.3) Partition Resource Summary
       8.4) Timing Report
            8.4.1) Clock Information
            8.4.2) Asynchronous Control Signals Information
            8.4.3) Timing Summary
            8.4.4) Timing Details
            8.4.5) Cross Clock Domains Report


=========================================================================
*                      Synthesis Options Summary                        *
=========================================================================
---- Source Parameters
Input File Name                    : "addr4bit.prj"
Ignore Synthesis Constraint File   : NO

---- Target Parameters
Output File Name                   : "addr4bit"
Output Format                      : NGC
Target Device                      : xc7a100t-3-csg324

---- Source Options
Top Module Name                    : addr4bit
Automatic FSM Extraction           : YES
FSM Encoding Algorithm             : Auto
Safe Implementation                : No
FSM Style                          : LUT
RAM Extraction                     : Yes
RAM Style                          : Auto
ROM Extraction                     : Yes
Shift Register Extraction          : YES
ROM Style                          : Auto
Resource Sharing                   : YES
Asynchronous To Synchronous        : NO
Shift Register Minimum Size        : 2
Use DSP Block                      : Auto
Automatic Register Balancing       : No

---- Target Options
LUT Combining                      : Auto
Reduce Control Sets                : Auto
Add IO Buffers                     : YES
Global Maximum Fanout              : 100000
Add Generic Clock Buffer(BUFG)     : 32
Register Duplication               : YES
Optimize Instantiated Primitives   : NO
Use Clock Enable                   : Auto
Use Synchronous Set                : Auto
Use Synchronous Reset              : Auto
Pack IO Registers into IOBs        : Auto
Equivalent register Removal        : YES

---- General Options
Optimization Goal                  : Speed
Optimization Effort                : 1
Power Reduction                    : NO
Keep Hierarchy                     : No
Netlist Hierarchy                  : As_Optimized
RTL Output                         : Yes
Global Optimization                : AllClockNets
Read Cores                         : YES
Write Timing Constraints           : NO
Cross Clock Analysis               : NO
Hierarchy Separator                : /
Bus Delimiter                      : <>
Case Specifier                     : Maintain
Slice Utilization Ratio            : 100
BRAM Utilization Ratio             : 100
DSP48 Utilization Ratio            : 100
Auto BRAM Packing                  : NO
Slice Utilization Ratio Delta      : 5

=========================================================================


=========================================================================
*                          HDL Parsing                                  *
=========================================================================
Analyzing Verilog file "C:\Users\AAA\Documents\GitHub\NCUE_ISE\project1\project1\haddr.vf" into library work
Parsing module <haddr>.
Analyzing Verilog file "C:\Users\AAA\Documents\GitHub\NCUE_ISE\project1\project1\faddr.vf" into library work
Parsing module <haddr_MUSER_faddr>.
Parsing module <faddr>.
Analyzing Verilog file "C:\Users\AAA\Documents\GitHub\NCUE_ISE\project1\project1\addr4bit.vf" into library work
Parsing module <haddr_MUSER_addr4bit>.
Parsing module <faddr_MUSER_addr4bit>.
Parsing module <addr4bit>.

=========================================================================
*                            HDL Elaboration                            *
=========================================================================

Elaborating module <addr4bit>.

Elaborating module <faddr_MUSER_addr4bit>.

Elaborating module <haddr_MUSER_addr4bit>.

Elaborating module <XOR2>.

Elaborating module <AND2>.

Elaborating module <OR2>.
WARNING:HDLCompiler:1127 - "C:\Users\AAA\Documents\GitHub\NCUE_ISE\project1\project1\addr4bit.vf" Line 131: Assignment to C5o ignored, since the identifier is never used

Elaborating module <GND>.

=========================================================================
*                           HDL Synthesis                               *
=========================================================================

Synthesizing Unit <addr4bit>.
    Related source file is "C:\Users\AAA\Documents\GitHub\NCUE_ISE\project1\project1\addr4bit.vf".
INFO:Xst:3210 - "C:\Users\AAA\Documents\GitHub\NCUE_ISE\project1\project1\addr4bit.vf" line 128: Output port <C> of the instance <XLXI_4> is unconnected or connected to loadless signal.
INFO:Xst:3210 - "C:\Users\AAA\Documents\GitHub\NCUE_ISE\project1\project1\addr4bit.vf" line 172: Output port <C> of the instance <XLXI_22> is unconnected or connected to loadless signal.
    Summary:
	no macro.
Unit <addr4bit> synthesized.

Synthesizing Unit <faddr_MUSER_addr4bit>.
    Related source file is "C:\Users\AAA\Documents\GitHub\NCUE_ISE\project1\project1\addr4bit.vf".
    Summary:
	no macro.
Unit <faddr_MUSER_addr4bit> synthesized.

Synthesizing Unit <haddr_MUSER_addr4bit>.
    Related source file is "C:\Users\AAA\Documents\GitHub\NCUE_ISE\project1\project1\addr4bit.vf".
    Summary:
	no macro.
Unit <haddr_MUSER_addr4bit> synthesized.

=========================================================================
HDL Synthesis Report

Found no macro
=========================================================================

=========================================================================
*                       Advanced HDL Synthesis                          *
=========================================================================


=========================================================================
Advanced HDL Synthesis Report

Found no macro
=========================================================================

=========================================================================
*                         Low Level Synthesis                           *
=========================================================================

Optimizing unit <addr4bit> ...

Mapping all equations...
Building and optimizing final netlist ...
Found area constraint ratio of 100 (+ 5) on block addr4bit, actual ratio is 0.

Final Macro Processing ...

=========================================================================
Final Register Report

Found no macro
=========================================================================

=========================================================================
*                           Partition Report                            *
=========================================================================

Partition Implementation Status
-------------------------------

  No Partitions were found in this design.

-------------------------------

=========================================================================
*                            Design Summary                             *
=========================================================================

Top Level Output File Name         : addr4bit.ngc

Primitive and Black Box Usage:
------------------------------
# BELS                             : 62
#      AND2                        : 21
#      GND                         : 1
#      OR2                         : 10
#      XOR2                        : 30
# IO Buffers                       : 15
#      IBUF                        : 9
#      OBUF                        : 6

Device utilization summary:
---------------------------

Selected Device : 7a100tcsg324-3 


Slice Logic Utilization: 

Slice Logic Distribution: 
 Number of LUT Flip Flop pairs used:      0
   Number with an unused Flip Flop:       0  out of      0         
   Number with an unused LUT:             0  out of      0         
   Number of fully used LUT-FF pairs:     0  out of      0         
   Number of unique control sets:         0

IO Utilization: 
 Number of IOs:                          15
 Number of bonded IOBs:                  15  out of    210     7%  

Specific Feature Utilization:

---------------------------
Partition Resource Summary:
---------------------------

  No Partitions were found in this design.

---------------------------


=========================================================================
Timing Report

NOTE: THESE TIMING NUMBERS ARE ONLY A SYNTHESIS ESTIMATE.
      FOR ACCURATE TIMING INFORMATION PLEASE REFER TO THE TRACE REPORT
      GENERATED AFTER PLACE-and-ROUTE.

Clock Information:
------------------
No clock signals found in this design

Asynchronous Control Signals Information:
----------------------------------------
No asynchronous control signals found in this design

Timing Summary:
---------------
Speed Grade: -3

   Minimum period: No path found
   Minimum input arrival time before clock: No path found
   Maximum output required time after clock: No path found
   Maximum combinational path delay: 18.576ns

Timing Details:
---------------
All values displayed in nanoseconds (ns)

=========================================================================
Timing constraint: Default path analysis
  Total number of paths / destination ports: 1115 / 6
-------------------------------------------------------------------------
Delay:               18.576ns (Levels of Logic = 25)
  Source:            M (PAD)
  Destination:       S<4> (PAD)

  Data Path: M to S<4>
                                Gate     Net
    Cell:in->out      fanout   Delay   Delay  Logical Name (Net Name)
    ----------------------------------------  ------------
     IBUF:I->O             8   0.001   0.726  M_IBUF (M_IBUF)
     XOR2:I0->O            2   0.097   0.698  XLXI_14 (XLXN_13)
     XOR2:I0->O            2   0.097   0.698  XLXI_5/XLXI_1/XLXI_1 (XLXI_5/XLXN_3)
     AND2:I0->O            1   0.097   0.683  XLXI_5/XLXI_2/XLXI_3 (XLXI_5/XLXN_8)
     OR2:I1->O             2   0.107   0.688  XLXI_5/XLXI_5 (XLXN_6)
     AND2:I1->O            1   0.107   0.683  XLXI_1/XLXI_2/XLXI_3 (XLXI_1/XLXN_8)
     OR2:I1->O             2   0.107   0.688  XLXI_1/XLXI_5 (XLXN_5)
     AND2:I1->O            1   0.107   0.683  XLXI_3/XLXI_2/XLXI_3 (XLXI_3/XLXN_8)
     OR2:I1->O             2   0.107   0.688  XLXI_3/XLXI_5 (XLXN_4)
     AND2:I1->O            1   0.107   0.683  XLXI_2/XLXI_2/XLXI_3 (XLXI_2/XLXN_8)
     OR2:I1->O             2   0.107   0.688  XLXI_2/XLXI_5 (XLXN_3)
     XOR2:I1->O            2   0.107   0.698  XLXI_4/XLXI_2/XLXI_1 (XLXN_50)
     AND2:I0->O            8   0.097   0.726  XLXI_21 (Sign_OBUF)
     XOR2:I0->O            2   0.097   0.687  XLXI_20 (St0)
     XOR2:I1->O            2   0.107   0.697  XLXI_26/XLXI_1/XLXI_1 (XLXI_26/XLXN_3)
     AND2:I0->O            1   0.097   0.683  XLXI_26/XLXI_2/XLXI_3 (XLXI_26/XLXN_8)
     OR2:I1->O             2   0.107   0.688  XLXI_26/XLXI_5 (XLXN_56)
     AND2:I1->O            1   0.107   0.683  XLXI_25/XLXI_2/XLXI_3 (XLXI_25/XLXN_8)
     OR2:I1->O             2   0.107   0.688  XLXI_25/XLXI_5 (XLXN_55)
     AND2:I1->O            1   0.107   0.683  XLXI_24/XLXI_2/XLXI_3 (XLXI_24/XLXN_8)
     OR2:I1->O             2   0.107   0.687  XLXI_24/XLXI_5 (XLXN_54)
     AND2:I1->O            1   0.107   0.683  XLXI_23/XLXI_2/XLXI_3 (XLXI_23/XLXN_8)
     OR2:I1->O             2   0.107   0.688  XLXI_23/XLXI_5 (XLXN_53)
     XOR2:I1->O            1   0.107   0.279  XLXI_22/XLXI_2/XLXI_1 (S_4_OBUF)
     OBUF:I->O                 0.000          S_4_OBUF (S<4>)
    ----------------------------------------
    Total                     18.576ns (2.402ns logic, 16.174ns route)
                                       (12.9% logic, 87.1% route)

=========================================================================

Cross Clock Domains Report:
--------------------------

=========================================================================


Total REAL time to Xst completion: 7.00 secs
Total CPU time to Xst completion: 7.30 secs
 
--> 

Total memory usage is 4617748 kilobytes

Number of errors   :    0 (   0 filtered)
Number of warnings :    1 (   0 filtered)
Number of infos    :    2 (   0 filtered)

